Error : 2021/12/30 10:20:25 2021-12-30 10:20:25.125704518 +0700 WIB m=+1.815977502
Error : 2021/12/30 10:20:25 reflect: call of reflect.Value.Field on map Value
Error : 2021/12/30 10:20:26 2021-12-30 10:20:26.105359773 +0700 WIB m=+2.795632781
Error : 2021/12/30 10:20:26 reflect: call of reflect.Value.Field on map Value
Error : 2021/12/30 10:34:17 2021-12-30 10:34:17.051211722 +0700 WIB m=+1.097447225
Error : 2021/12/30 10:34:17 reflect: call of reflect.Value.Field on map Value
Error : 2021/12/30 10:34:56 2021-12-30 10:34:56.234364528 +0700 WIB m=+1.335374285
Error : 2021/12/30 10:34:56 runtime error: invalid memory address or nil pointer dereference
Error : 2021/12/30 10:37:28 2021-12-30 10:37:28.466750876 +0700 WIB m=+1.456967174
Error : 2021/12/30 10:37:28 runtime error: invalid memory address or nil pointer dereference
Error : 2021/12/30 11:16:47 2021-12-30 11:16:47.899668268 +0700 WIB m=+1.052177521
Error : 2021/12/30 11:16:47 reflect: call of reflect.Value.Field on map Value
Error : 2021/12/30 11:20:50 2021-12-30 11:20:50.749572027 +0700 WIB m=+1.804237778
Error : 2021/12/30 11:20:50 reflect: call of reflect.Value.Field on map Value
Error : 2021/12/30 11:21:36 2021-12-30 11:21:36.891887123 +0700 WIB m=+1.277084724
Error : 2021/12/30 11:21:36 reflect: call of reflect.Value.Field on map Value
Error : 2021/12/30 11:21:37 2021-12-30 11:21:37.50416621 +0700 WIB m=+1.889363825
Error : 2021/12/30 11:21:37 reflect: call of reflect.Value.Field on map Value
Error : 2021/12/30 11:24:20 2021-12-30 11:24:20.449822028 +0700 WIB m=+1.149777497
Error : 2021/12/30 11:24:20 reflect: Field index out of range
Error : 2021/12/30 11:24:21 2021-12-30 11:24:21.892400246 +0700 WIB m=+2.592355730
Error : 2021/12/30 11:24:21 reflect: Field index out of range
Error : 2021/12/30 11:24:36 2021-12-30 11:24:36.418459729 +0700 WIB m=+0.404506858
Error : 2021/12/30 11:24:36 reflect: Field index out of range
Error : 2021/12/30 11:24:51 2021-12-30 11:24:51.812328596 +0700 WIB m=+15.798375721
Error : 2021/12/30 11:24:51 reflect: Field index out of range
Error : 2021/12/30 11:38:04 2021-12-30 11:38:04.568599717 +0700 WIB m=+1.585065268
Error : 2021/12/30 11:38:04 reflect: Field index out of range
Error : 2021/12/30 11:38:31 2021-12-30 11:38:31.24822981 +0700 WIB m=+0.318947728
Error : 2021/12/30 11:38:31 reflect: Field index out of range
Error : 2021/12/30 11:38:31 2021-12-30 11:38:31.831624385 +0700 WIB m=+0.902342299
Error : 2021/12/30 11:38:31 reflect: Field index out of range
Error : 2021/12/30 11:38:32 2021-12-30 11:38:32.007884018 +0700 WIB m=+1.078601937
Error : 2021/12/30 11:38:32 reflect: Field index out of range
Error : 2021/12/30 11:39:37 2021-12-30 11:39:37.524148564 +0700 WIB m=+0.928331410
Error : 2021/12/30 11:39:37 reflect: Field index out of range
Error : 2021/12/30 11:39:38 2021-12-30 11:39:38.435798684 +0700 WIB m=+1.839981522
Error : 2021/12/30 11:39:38 reflect: Field index out of range
Error : 2021/12/30 11:40:06 2021-12-30 11:40:06.117272954 +0700 WIB m=+1.743140489
Error : 2021/12/30 11:40:06 reflect: Field index out of range
Error : 2021/12/30 11:40:06 2021-12-30 11:40:06.707037693 +0700 WIB m=+2.332905236
Error : 2021/12/30 11:40:06 reflect: Field index out of range
Error : 2021/12/30 11:40:33 2021-12-30 11:40:33.102253059 +0700 WIB m=+1.098616762
Error : 2021/12/30 11:40:33 reflect: Field index out of range
Error : 2021/12/30 11:40:33 2021-12-30 11:40:33.645485056 +0700 WIB m=+1.641848758
Error : 2021/12/30 11:40:33 reflect: Field index out of range
Error : 2021/12/30 11:40:33 2021-12-30 11:40:33.827144332 +0700 WIB m=+1.823508019
Error : 2021/12/30 11:40:33 reflect: Field index out of range
Error : 2021/12/30 11:40:34 2021-12-30 11:40:34.022822934 +0700 WIB m=+2.019186629
Error : 2021/12/30 11:40:34 reflect: Field index out of range
Error : 2021/12/30 11:40:34 2021-12-30 11:40:34.202423396 +0700 WIB m=+2.198787098
Error : 2021/12/30 11:40:34 reflect: Field index out of range
Error : 2021/12/30 11:40:34 2021-12-30 11:40:34.41093531 +0700 WIB m=+2.407299001
Error : 2021/12/30 11:40:34 reflect: Field index out of range
Error : 2021/12/30 11:40:44 2021-12-30 11:40:44.741869102 +0700 WIB m=+1.471481042
Error : 2021/12/30 11:40:44 reflect: Field index out of range
Error : 2021/12/30 11:41:30 2021-12-30 11:41:30.898767916 +0700 WIB m=+0.964132798
Error : 2021/12/30 11:41:30 reflect: Field index out of range
Error : 2021/12/30 11:41:31 2021-12-30 11:41:31.443974442 +0700 WIB m=+1.509339340
Error : 2021/12/30 11:41:31 reflect: Field index out of range
Error : 2021/12/30 11:41:31 2021-12-30 11:41:31.635477168 +0700 WIB m=+1.700842071
Error : 2021/12/30 11:41:31 reflect: Field index out of range
Error : 2021/12/30 11:41:31 2021-12-30 11:41:31.808804043 +0700 WIB m=+1.874168938
Error : 2021/12/30 11:41:31 reflect: Field index out of range
Error : 2021/12/30 11:41:31 2021-12-30 11:41:31.987005345 +0700 WIB m=+2.052370239
Error : 2021/12/30 11:41:31 reflect: Field index out of range
Error : 2021/12/30 11:42:46 2021-12-30 11:42:46.04981953 +0700 WIB m=+0.561134590
Error : 2021/12/30 11:42:46 reflect: Field index out of range
Error : 2021/12/30 11:42:46 2021-12-30 11:42:46.956184702 +0700 WIB m=+1.467499776
Error : 2021/12/30 11:42:46 reflect: Field index out of range
Error : 2021/12/30 13:01:13 2021-12-30 13:01:13.83732231 +0700 WIB m=+3.681598925
Error : 2021/12/30 13:01:13 Undefined validation function 'gt:0' on field 'Price'
Error : 2021/12/30 13:01:22 2021-12-30 13:01:22.291684166 +0700 WIB m=+12.135960762
Error : 2021/12/30 13:01:22 Undefined validation function 'gt:0' on field 'Price'
Error : 2021/12/30 14:08:01 2021-12-30 14:08:01.635881159 +0700 WIB m=+0.549097096
Error : 2021/12/30 14:08:01 runtime error: invalid memory address or nil pointer dereference
Error : 2021/12/30 14:08:36 2021-12-30 14:08:36.506076304 +0700 WIB m=+1.303082444
Error : 2021/12/30 14:08:36 runtime error: invalid memory address or nil pointer dereference
Error : 2021/12/30 14:47:29 2021-12-30 14:47:29.685928413 +0700 WIB m=+1.350891758
Error : 2021/12/30 14:47:29 interface conversion: interface {} is *string, not string
Error : 2021/12/30 14:49:29 2021-12-30 14:49:29.680911745 +0700 WIB m=+6.908007892
Error : 2021/12/30 14:49:29 interface conversion: interface {} is nil, not *string
Error : 2021/12/30 14:50:39 2021-12-30 14:50:39.348643095 +0700 WIB m=+4.009150022
Error : 2021/12/30 14:50:39 interface conversion: interface {} is nil, not *string
Error : 2021/12/30 14:51:14 2021-12-30 14:51:14.533671623 +0700 WIB m=+1.251755325
Error : 2021/12/30 14:51:14 interface conversion: interface {} is nil, not *string
